This is pdfTeX, Version 3.14159265-2.6-1.40.15 (TeX Live 2014) (preloaded format=pdflatex 2014.12.22)  12 NOV 2015 16:10
entering extended mode
 restricted \write18 enabled.
 %&-line parsing enabled.
**informe.tex
(./informe.tex
LaTeX2e <2014/05/01>
Babel <3.9l> and hyphenation patterns for 79 languages loaded.
(/usr/local/texlive/2014/texmf-dist/tex/latex/base/article.cls
Document Class: article 2014/09/29 v1.4h Standard LaTeX document class
(/usr/local/texlive/2014/texmf-dist/tex/latex/base/size10.clo
File: size10.clo 2014/09/29 v1.4h Standard LaTeX file (size option)
)
\c@part=\count79
\c@section=\count80
\c@subsection=\count81
\c@subsubsection=\count82
\c@paragraph=\count83
\c@subparagraph=\count84
\c@figure=\count85
\c@table=\count86
\abovecaptionskip=\skip41
\belowcaptionskip=\skip42
\bibindent=\dimen102
)
(/usr/local/texlive/2014/texmf-dist/tex/latex/base/inputenc.sty
Package: inputenc 2014/04/30 v1.2b Input encoding file
\inpenc@prehook=\toks14
\inpenc@posthook=\toks15

(/usr/local/texlive/2014/texmf-dist/tex/latex/base/utf8.def
File: utf8.def 2014/09/29 v1.1m UTF-8 support for inputenc
Now handling font encoding OML ...
... no UTF-8 mapping file for font encoding OML
Now handling font encoding T1 ...
... processing UTF-8 mapping file for font encoding T1

(/usr/local/texlive/2014/texmf-dist/tex/latex/base/t1enc.dfu
File: t1enc.dfu 2014/09/29 v1.1m UTF-8 support for inputenc
   defining Unicode char U+00A1 (decimal 161)
   defining Unicode char U+00A3 (decimal 163)
   defining Unicode char U+00AB (decimal 171)
   defining Unicode char U+00BB (decimal 187)
   defining Unicode char U+00BF (decimal 191)
   defining Unicode char U+00C0 (decimal 192)
   defining Unicode char U+00C1 (decimal 193)
   defining Unicode char U+00C2 (decimal 194)
   defining Unicode char U+00C3 (decimal 195)
   defining Unicode char U+00C4 (decimal 196)
   defining Unicode char U+00C5 (decimal 197)
   defining Unicode char U+00C6 (decimal 198)
   defining Unicode char U+00C7 (decimal 199)
   defining Unicode char U+00C8 (decimal 200)
   defining Unicode char U+00C9 (decimal 201)
   defining Unicode char U+00CA (decimal 202)
   defining Unicode char U+00CB (decimal 203)
   defining Unicode char U+00CC (decimal 204)
   defining Unicode char U+00CD (decimal 205)
   defining Unicode char U+00CE (decimal 206)
   defining Unicode char U+00CF (decimal 207)
   defining Unicode char U+00D0 (decimal 208)
   defining Unicode char U+00D1 (decimal 209)
   defining Unicode char U+00D2 (decimal 210)
   defining Unicode char U+00D3 (decimal 211)
   defining Unicode char U+00D4 (decimal 212)
   defining Unicode char U+00D5 (decimal 213)
   defining Unicode char U+00D6 (decimal 214)
   defining Unicode char U+00D8 (decimal 216)
   defining Unicode char U+00D9 (decimal 217)
   defining Unicode char U+00DA (decimal 218)
   defining Unicode char U+00DB (decimal 219)
   defining Unicode char U+00DC (decimal 220)
   defining Unicode char U+00DD (decimal 221)
   defining Unicode char U+00DE (decimal 222)
   defining Unicode char U+00DF (decimal 223)
   defining Unicode char U+00E0 (decimal 224)
   defining Unicode char U+00E1 (decimal 225)
   defining Unicode char U+00E2 (decimal 226)
   defining Unicode char U+00E3 (decimal 227)
   defining Unicode char U+00E4 (decimal 228)
   defining Unicode char U+00E5 (decimal 229)
   defining Unicode char U+00E6 (decimal 230)
   defining Unicode char U+00E7 (decimal 231)
   defining Unicode char U+00E8 (decimal 232)
   defining Unicode char U+00E9 (decimal 233)
   defining Unicode char U+00EA (decimal 234)
   defining Unicode char U+00EB (decimal 235)
   defining Unicode char U+00EC (decimal 236)
   defining Unicode char U+00ED (decimal 237)
   defining Unicode char U+00EE (decimal 238)
   defining Unicode char U+00EF (decimal 239)
   defining Unicode char U+00F0 (decimal 240)
   defining Unicode char U+00F1 (decimal 241)
   defining Unicode char U+00F2 (decimal 242)
   defining Unicode char U+00F3 (decimal 243)
   defining Unicode char U+00F4 (decimal 244)
   defining Unicode char U+00F5 (decimal 245)
   defining Unicode char U+00F6 (decimal 246)
   defining Unicode char U+00F8 (decimal 248)
   defining Unicode char U+00F9 (decimal 249)
   defining Unicode char U+00FA (decimal 250)
   defining Unicode char U+00FB (decimal 251)
   defining Unicode char U+00FC (decimal 252)
   defining Unicode char U+00FD (decimal 253)
   defining Unicode char U+00FE (decimal 254)
   defining Unicode char U+00FF (decimal 255)
   defining Unicode char U+0102 (decimal 258)
   defining Unicode char U+0103 (decimal 259)
   defining Unicode char U+0104 (decimal 260)
   defining Unicode char U+0105 (decimal 261)
   defining Unicode char U+0106 (decimal 262)
   defining Unicode char U+0107 (decimal 263)
   defining Unicode char U+010C (decimal 268)
   defining Unicode char U+010D (decimal 269)
   defining Unicode char U+010E (decimal 270)
   defining Unicode char U+010F (decimal 271)
   defining Unicode char U+0110 (decimal 272)
   defining Unicode char U+0111 (decimal 273)
   defining Unicode char U+0118 (decimal 280)
   defining Unicode char U+0119 (decimal 281)
   defining Unicode char U+011A (decimal 282)
   defining Unicode char U+011B (decimal 283)
   defining Unicode char U+011E (decimal 286)
   defining Unicode char U+011F (decimal 287)
   defining Unicode char U+0130 (decimal 304)
   defining Unicode char U+0131 (decimal 305)
   defining Unicode char U+0132 (decimal 306)
   defining Unicode char U+0133 (decimal 307)
   defining Unicode char U+0139 (decimal 313)
   defining Unicode char U+013A (decimal 314)
   defining Unicode char U+013D (decimal 317)
   defining Unicode char U+013E (decimal 318)
   defining Unicode char U+0141 (decimal 321)
   defining Unicode char U+0142 (decimal 322)
   defining Unicode char U+0143 (decimal 323)
   defining Unicode char U+0144 (decimal 324)
   defining Unicode char U+0147 (decimal 327)
   defining Unicode char U+0148 (decimal 328)
   defining Unicode char U+014A (decimal 330)
   defining Unicode char U+014B (decimal 331)
   defining Unicode char U+0150 (decimal 336)
   defining Unicode char U+0151 (decimal 337)
   defining Unicode char U+0152 (decimal 338)
   defining Unicode char U+0153 (decimal 339)
   defining Unicode char U+0154 (decimal 340)
   defining Unicode char U+0155 (decimal 341)
   defining Unicode char U+0158 (decimal 344)
   defining Unicode char U+0159 (decimal 345)
   defining Unicode char U+015A (decimal 346)
   defining Unicode char U+015B (decimal 347)
   defining Unicode char U+015E (decimal 350)
   defining Unicode char U+015F (decimal 351)
   defining Unicode char U+0160 (decimal 352)
   defining Unicode char U+0161 (decimal 353)
   defining Unicode char U+0162 (decimal 354)
   defining Unicode char U+0163 (decimal 355)
   defining Unicode char U+0164 (decimal 356)
   defining Unicode char U+0165 (decimal 357)
   defining Unicode char U+016E (decimal 366)
   defining Unicode char U+016F (decimal 367)
   defining Unicode char U+0170 (decimal 368)
   defining Unicode char U+0171 (decimal 369)
   defining Unicode char U+0178 (decimal 376)
   defining Unicode char U+0179 (decimal 377)
   defining Unicode char U+017A (decimal 378)
   defining Unicode char U+017B (decimal 379)
   defining Unicode char U+017C (decimal 380)
   defining Unicode char U+017D (decimal 381)
   defining Unicode char U+017E (decimal 382)
   defining Unicode char U+200C (decimal 8204)
   defining Unicode char U+2013 (decimal 8211)
   defining Unicode char U+2014 (decimal 8212)
   defining Unicode char U+2018 (decimal 8216)
   defining Unicode char U+2019 (decimal 8217)
   defining Unicode char U+201A (decimal 8218)
   defining Unicode char U+201C (decimal 8220)
   defining Unicode char U+201D (decimal 8221)
   defining Unicode char U+201E (decimal 8222)
   defining Unicode char U+2030 (decimal 8240)
   defining Unicode char U+2031 (decimal 8241)
   defining Unicode char U+2039 (decimal 8249)
   defining Unicode char U+203A (decimal 8250)
   defining Unicode char U+2423 (decimal 9251)
)
Now handling font encoding OT1 ...
... processing UTF-8 mapping file for font encoding OT1

(/usr/local/texlive/2014/texmf-dist/tex/latex/base/ot1enc.dfu
File: ot1enc.dfu 2014/09/29 v1.1m UTF-8 support for inputenc
   defining Unicode char U+00A1 (decimal 161)
   defining Unicode char U+00A3 (decimal 163)
   defining Unicode char U+00B8 (decimal 184)
   defining Unicode char U+00BF (decimal 191)
   defining Unicode char U+00C5 (decimal 197)
   defining Unicode char U+00C6 (decimal 198)
   defining Unicode char U+00D8 (decimal 216)
   defining Unicode char U+00DF (decimal 223)
   defining Unicode char U+00E6 (decimal 230)
   defining Unicode char U+00EC (decimal 236)
   defining Unicode char U+00ED (decimal 237)
   defining Unicode char U+00EE (decimal 238)
   defining Unicode char U+00EF (decimal 239)
   defining Unicode char U+00F8 (decimal 248)
   defining Unicode char U+0131 (decimal 305)
   defining Unicode char U+0141 (decimal 321)
   defining Unicode char U+0142 (decimal 322)
   defining Unicode char U+0152 (decimal 338)
   defining Unicode char U+0153 (decimal 339)
   defining Unicode char U+2013 (decimal 8211)
   defining Unicode char U+2014 (decimal 8212)
   defining Unicode char U+2018 (decimal 8216)
   defining Unicode char U+2019 (decimal 8217)
   defining Unicode char U+201C (decimal 8220)
   defining Unicode char U+201D (decimal 8221)
)
Now handling font encoding OMS ...
... processing UTF-8 mapping file for font encoding OMS

(/usr/local/texlive/2014/texmf-dist/tex/latex/base/omsenc.dfu
File: omsenc.dfu 2014/09/29 v1.1m UTF-8 support for inputenc
   defining Unicode char U+00A7 (decimal 167)
   defining Unicode char U+00B6 (decimal 182)
   defining Unicode char U+00B7 (decimal 183)
   defining Unicode char U+2020 (decimal 8224)
   defining Unicode char U+2021 (decimal 8225)
   defining Unicode char U+2022 (decimal 8226)
)
Now handling font encoding OMX ...
... no UTF-8 mapping file for font encoding OMX
Now handling font encoding U ...
... no UTF-8 mapping file for font encoding U
   defining Unicode char U+00A9 (decimal 169)
   defining Unicode char U+00AA (decimal 170)
   defining Unicode char U+00AE (decimal 174)
   defining Unicode char U+00BA (decimal 186)
   defining Unicode char U+02C6 (decimal 710)
   defining Unicode char U+02DC (decimal 732)
   defining Unicode char U+200C (decimal 8204)
   defining Unicode char U+2026 (decimal 8230)
   defining Unicode char U+2122 (decimal 8482)
   defining Unicode char U+2423 (decimal 9251)
))
(/usr/local/texlive/2014/texmf-dist/tex/generic/babel/babel.sty
Package: babel 2014/09/25 3.9l The Babel package

(/usr/local/texlive/2014/texmf-dist/tex/generic/babel-spanish/spanish.ldf
Language: spanish.ldf 2014/04/24 v5.0n Spanish support from the babel system

(/usr/local/texlive/2014/texmf-dist/tex/generic/babel/babel.def
File: babel.def 2014/09/25 3.9l Babel common definitions
\babel@savecnt=\count87
\U@D=\dimen103
)
\es@quottoks=\toks16
\es@quotdepth=\count88
Package babel Info: Making " an active character on input line 516.
Package babel Info: Making . an active character on input line 617.
Package babel Info: Making < an active character on input line 662.
Package babel Info: Making > an active character on input line 662.
))
(/usr/local/texlive/2014/texmf-dist/tex/latex/a4wide/a4wide.sty
Package: a4wide 1994/08/30

(/usr/local/texlive/2014/texmf-dist/tex/latex/ntgclass/a4.sty
Package: a4 2004/04/15 v1.2g A4 based page layout
))
(./Sty/caratula.sty

LaTeX Warning: You have requested package `Sty/caratula',
               but the package provides `caratula'.

Package: caratula 2013/08/04 v0.5 Para componer caratulas de TPs del DC
(/usr/local/texlive/2014/texmf-dist/tex/latex/base/ifthen.sty
Package: ifthen 2014/09/29 v1.1c Standard LaTeX ifthen package (DPC)
)
(/usr/local/texlive/2014/texmf-dist/tex/latex/graphics/graphicx.sty
Package: graphicx 2014/10/28 v1.0g Enhanced LaTeX Graphics (DPC,SPQR)

(/usr/local/texlive/2014/texmf-dist/tex/latex/graphics/keyval.sty
Package: keyval 2014/10/28 v1.15 key=value parser (DPC)
\KV@toks@=\toks17
)
(/usr/local/texlive/2014/texmf-dist/tex/latex/graphics/graphics.sty
Package: graphics 2014/10/28 v1.0p Standard LaTeX Graphics (DPC,SPQR)

(/usr/local/texlive/2014/texmf-dist/tex/latex/graphics/trig.sty
Package: trig 1999/03/16 v1.09 sin cos tan (DPC)
)
(/usr/local/texlive/2014/texmf-dist/tex/latex/latexconfig/graphics.cfg
File: graphics.cfg 2010/04/23 v1.9 graphics configuration of TeX Live
)
Package graphics Info: Driver file: pdftex.def on input line 91.

(/usr/local/texlive/2014/texmf-dist/tex/latex/pdftex-def/pdftex.def
File: pdftex.def 2011/05/27 v0.06d Graphics/color for pdfTeX

(/usr/local/texlive/2014/texmf-dist/tex/generic/oberdiek/infwarerr.sty
Package: infwarerr 2010/04/08 v1.3 Providing info/warning/error messages (HO)
)
(/usr/local/texlive/2014/texmf-dist/tex/generic/oberdiek/ltxcmds.sty
Package: ltxcmds 2011/11/09 v1.22 LaTeX kernel commands for general use (HO)
)
\Gread@gobject=\count89
))
\Gin@req@height=\dimen104
\Gin@req@width=\dimen105
)
Cargando package 'caratula' v0.5 (2013/08/04)
\intlist=\toks18
\intlistSinLU=\toks19
\c@integrantesCount=\count90
\intTabNombre=\toks20
\intTabLU=\toks21
\intTabEmail=\toks22
\c@directoresCount=\count91
\direcTabNombre=\toks23
\direcTabEmail=\toks24
) (./Sty/mathtools.sty

LaTeX Warning: You have requested package `Sty/mathtools',
               but the package provides `mathtools'.

Package: mathtools 2008/08/01 v1.06 mathematical typesetting tools (MH)
(/usr/local/texlive/2014/texmf-dist/tex/latex/tools/calc.sty
Package: calc 2014/10/28 v4.3 Infix arithmetic (KKT,FJ)
\calc@Acount=\count92
\calc@Bcount=\count93
\calc@Adimen=\dimen106
\calc@Bdimen=\dimen107
\calc@Askip=\skip43
\calc@Bskip=\skip44
LaTeX Info: Redefining \setlength on input line 75.
LaTeX Info: Redefining \addtolength on input line 76.
\calc@Ccount=\count94
\calc@Cskip=\skip45
)
(./Sty/mhsetup.sty

LaTeX Warning: You have requested package `Sty/mhsetup',
               but the package provides `mhsetup'.

Package: mhsetup 2004/10/10 v1.0b programming setup (MH)
)

LaTeX Warning: You have requested, on input line 32, version
               `2007/12/03' of package Sty/mhsetup,
               but only version
               `2004/10/10 v1.0b programming setup (MH)'
               is available.

(/usr/local/texlive/2014/texmf-dist/tex/latex/amsmath/amsmath.sty
Package: amsmath 2013/01/14 v2.14 AMS math features
\@mathmargin=\skip46

For additional information on amsmath, use the `?' option.
(/usr/local/texlive/2014/texmf-dist/tex/latex/amsmath/amstext.sty
Package: amstext 2000/06/29 v2.01

(/usr/local/texlive/2014/texmf-dist/tex/latex/amsmath/amsgen.sty
File: amsgen.sty 1999/11/30 v2.0
\@emptytoks=\toks25
\ex@=\dimen108
))
(/usr/local/texlive/2014/texmf-dist/tex/latex/amsmath/amsbsy.sty
Package: amsbsy 1999/11/29 v1.2d
\pmbraise@=\dimen109
)
(/usr/local/texlive/2014/texmf-dist/tex/latex/amsmath/amsopn.sty
Package: amsopn 1999/12/14 v2.01 operator names
)
\inf@bad=\count95
LaTeX Info: Redefining \frac on input line 210.
\uproot@=\count96
\leftroot@=\count97
LaTeX Info: Redefining \overline on input line 306.
\classnum@=\count98
\DOTSCASE@=\count99
LaTeX Info: Redefining \ldots on input line 378.
LaTeX Info: Redefining \dots on input line 381.
LaTeX Info: Redefining \cdots on input line 466.
\Mathstrutbox@=\box26
\strutbox@=\box27
\big@size=\dimen110
LaTeX Font Info:    Redeclaring font encoding OML on input line 566.
LaTeX Font Info:    Redeclaring font encoding OMS on input line 567.
\macc@depth=\count100
\c@MaxMatrixCols=\count101
\dotsspace@=\muskip10
\c@parentequation=\count102
\dspbrk@lvl=\count103
\tag@help=\toks26
\row@=\count104
\column@=\count105
\maxfields@=\count106
\andhelp@=\toks27
\eqnshift@=\dimen111
\alignsep@=\dimen112
\tagshift@=\dimen113
\tagwidth@=\dimen114
\totwidth@=\dimen115
\lineht@=\dimen116
\@envbody=\toks28
\multlinegap=\skip47
\multlinetaggap=\skip48
\mathdisplay@stack=\toks29
LaTeX Info: Redefining \[ on input line 2665.
LaTeX Info: Redefining \] on input line 2666.
)
\g_MT_multlinerow_int=\count107
\l_MT_multwidth_dim=\dimen117
)
(./Sty/float.sty

LaTeX Warning: You have requested package `Sty/float',
               but the package provides `float'.

Package: float 2001/11/08 v1.3d Float enhancements (AL)
\c@float@type=\count108
\float@exts=\toks30
\float@box=\box28
\@float@everytoks=\toks31
\@floatcapt=\box29
) (/usr/local/texlive/2014/texmf-dist/tex/latex/caption/caption.sty
Package: caption 2013/05/02 v3.3-89 Customizing captions (AR)

(/usr/local/texlive/2014/texmf-dist/tex/latex/caption/caption3.sty
Package: caption3 2013/05/02 v1.6-88 caption3 kernel (AR)
Package caption3 Info: TeX engine: e-TeX on input line 57.
\captionmargin=\dimen118
\captionmargin@=\dimen119
\captionwidth=\dimen120
\caption@tempdima=\dimen121
\caption@indent=\dimen122
\caption@parindent=\dimen123
\caption@hangindent=\dimen124
)
\c@ContinuedFloat=\count109
)
(/usr/local/texlive/2014/texmf-dist/tex/latex/caption/subcaption.sty
Package: subcaption 2013/02/03 v1.1-62 Sub-captions (AR)
\c@subfigure=\count110
\c@subtable=\count111
)
(./Sty/algorithm2e.sty

LaTeX Warning: You have requested package `Sty/algorithm2e',
               but the package provides `algorithm2e'.

Package: algorithm2e 2013/01/06 v5.00 algorithms environments
\c@AlgoLine=\count112
(/usr/local/texlive/2014/texmf-dist/tex/latex/tools/xspace.sty
Package: xspace 2014/10/28 v1.13 Space after command names (DPC,MH)
)
(/usr/local/texlive/2014/texmf-dist/tex/latex/relsize/relsize.sty
Package: relsize 2013/03/29 ver 4.1
)
********************************************************
Package `algorithm2e' Release 5.0 -- january 06 2013 --
- algorithm2e-announce@lirmm.fr mailing list for announcement about releases
- algorithm2e-discussion@lirmm.fr mailing list for discussion about package
subscribe by emailing sympa@lirmm.fr with 'subscribe <list> <firstname name>'
- Author: Christophe Fiorio (cfiorio@um2.fr)
********************************************************
\skiptotal=\skip49
\skiplinenumber=\skip50
\skiprule=\skip51
\skiphlne=\skip52
\skiptext=\skip53
\skiplength=\skip54
\algomargin=\skip55
\skipalgocfslide=\skip56
\algowidth=\dimen125
\inoutsize=\dimen126
\inoutindent=\dimen127
\interspacetitleruled=\dimen128
\interspacealgoruled=\dimen129
\interspacetitleboxruled=\dimen130
\algocf@inoutbox=\box30
\algocf@inputbox=\box31
\AlCapSkip=\skip57
\AlCapHSkip=\skip58
\algoskipindent=\skip59
\algocf@nlbox=\box32
\algocf@hangingbox=\box33
\algocf@untilbox=\box34
\algocf@skipuntil=\skip60
\algocf@capbox=\box35
\algoheightruledefault=\skip61
\algoheightrule=\skip62
\algotitleheightruledefault=\skip63
\algotitleheightrule=\skip64
\c@algocfline=\count113
\c@algocfproc=\count114
\c@algocf=\count115
\algocf@algoframe=\box36
\algocf@algobox=\box37
) (./Sty/lastpage.sty

LaTeX Warning: You have requested package `Sty/lastpage',
               but the package provides `lastpage'.

Package: lastpage 1994/06/25 v0.1b LaTeX2e package for refs to last page number
 (JPG)
) (/usr/local/texlive/2014/texmf-dist/tex/latex/fancyhdr/fancyhdr.sty
\fancy@headwidth=\skip65
\f@ncyO@elh=\skip66
\f@ncyO@erh=\skip67
\f@ncyO@olh=\skip68
\f@ncyO@orh=\skip69
\f@ncyO@elf=\skip70
\f@ncyO@erf=\skip71
\f@ncyO@olf=\skip72
\f@ncyO@orf=\skip73
)
(/usr/local/texlive/2014/texmf-dist/tex/latex/amsfonts/amsfonts.sty
Package: amsfonts 2013/01/14 v3.01 Basic AMSFonts support
\symAMSa=\mathgroup4
\symAMSb=\mathgroup5
LaTeX Font Info:    Overwriting math alphabet `\mathfrak' in version `bold'
(Font)                  U/euf/m/n --> U/euf/b/n on input line 106.
)
(/usr/local/texlive/2014/texmf-dist/tex/latex/algorithmicx/algpseudocode.sty
Package: algpseudocode 

(/usr/local/texlive/2014/texmf-dist/tex/latex/algorithmicx/algorithmicx.sty
Package: algorithmicx 2005/04/27 v1.2 Algorithmicx

Document Style algorithmicx 1.2 - a greatly improved `algorithmic' style
\c@ALG@line=\count116
\c@ALG@rem=\count117
\c@ALG@nested=\count118
\ALG@tlm=\skip74
\ALG@thistlm=\skip75
\c@ALG@Lnr=\count119
\c@ALG@blocknr=\count120
\c@ALG@storecount=\count121
\c@ALG@tmpcounter=\count122
\ALG@tmplength=\skip76
)
Document Style - pseudocode environments for use with the `algorithmicx' style
) (/usr/local/texlive/2014/texmf-dist/tex/latex/tools/enumerate.sty
Package: enumerate 2014/10/28 v3.00 enumerate extensions (DPC)
\@enLab=\toks32
)
(/usr/local/texlive/2014/texmf-dist/tex/latex/wrapfig/wrapfig.sty
\wrapoverhang=\dimen131
\WF@size=\dimen132
\c@WF@wrappedlines=\count123
\WF@box=\box38
\WF@everypar=\toks33
Package: wrapfig 2003/01/31  v 3.6
)
(./informe.aux
LaTeX Info: Redefining \. on input line 6.
LaTeX Info: Redefining \% on input line 6.
)
\openout1 = `informe.aux'.

LaTeX Font Info:    Checking defaults for OML/cmm/m/it on input line 28.
LaTeX Font Info:    ... okay on input line 28.
LaTeX Font Info:    Checking defaults for T1/cmr/m/n on input line 28.
LaTeX Font Info:    ... okay on input line 28.
LaTeX Font Info:    Checking defaults for OT1/cmr/m/n on input line 28.
LaTeX Font Info:    ... okay on input line 28.
LaTeX Font Info:    Checking defaults for OMS/cmsy/m/n on input line 28.
LaTeX Font Info:    ... okay on input line 28.
LaTeX Font Info:    Checking defaults for OMX/cmex/m/n on input line 28.
LaTeX Font Info:    ... okay on input line 28.
LaTeX Font Info:    Checking defaults for U/cmr/m/n on input line 28.
LaTeX Font Info:    ... okay on input line 28.
LaTeX Info: Redefining \. on input line 28.
LaTeX Info: Redefining \% on input line 28.

(/usr/local/texlive/2014/texmf-dist/tex/context/base/supp-pdf.mkii
[Loading MPS to PDF converter (version 2006.09.02).]
\scratchcounter=\count124
\scratchdimen=\dimen133
\scratchbox=\box39
\nofMPsegments=\count125
\nofMParguments=\count126
\everyMPshowfont=\toks34
\MPscratchCnt=\count127
\MPscratchDim=\dimen134
\MPnumerator=\count128
\makeMPintoPDFobject=\count129
\everyMPtoPDFconversion=\toks35
) (/usr/local/texlive/2014/texmf-dist/tex/generic/oberdiek/pdftexcmds.sty
Package: pdftexcmds 2011/11/29 v0.20 Utility functions of pdfTeX for LuaTeX (HO
)

(/usr/local/texlive/2014/texmf-dist/tex/generic/oberdiek/ifluatex.sty
Package: ifluatex 2010/03/01 v1.3 Provides the ifluatex switch (HO)
Package ifluatex Info: LuaTeX not detected.
)
(/usr/local/texlive/2014/texmf-dist/tex/generic/oberdiek/ifpdf.sty
Package: ifpdf 2011/01/30 v2.3 Provides the ifpdf switch (HO)
Package ifpdf Info: pdfTeX in PDF mode is detected.
)
Package pdftexcmds Info: LuaTeX not detected.
Package pdftexcmds Info: \pdf@primitive is available.
Package pdftexcmds Info: \pdf@ifprimitive is available.
Package pdftexcmds Info: \pdfdraftmode found.
)
(/usr/local/texlive/2014/texmf-dist/tex/latex/oberdiek/epstopdf-base.sty
Package: epstopdf-base 2010/02/09 v2.5 Base part for package epstopdf

(/usr/local/texlive/2014/texmf-dist/tex/latex/oberdiek/grfext.sty
Package: grfext 2010/08/19 v1.1 Manage graphics extensions (HO)

(/usr/local/texlive/2014/texmf-dist/tex/generic/oberdiek/kvdefinekeys.sty
Package: kvdefinekeys 2011/04/07 v1.3 Define keys (HO)
))
(/usr/local/texlive/2014/texmf-dist/tex/latex/oberdiek/kvoptions.sty
Package: kvoptions 2011/06/30 v3.11 Key value format for package options (HO)

(/usr/local/texlive/2014/texmf-dist/tex/generic/oberdiek/kvsetkeys.sty
Package: kvsetkeys 2012/04/25 v1.16 Key value parser (HO)

(/usr/local/texlive/2014/texmf-dist/tex/generic/oberdiek/etexcmds.sty
Package: etexcmds 2011/02/16 v1.5 Avoid name clashes with e-TeX commands (HO)
Package etexcmds Info: Could not find \expanded.
(etexcmds)             That can mean that you are not using pdfTeX 1.50 or
(etexcmds)             that some package has redefined \expanded.
(etexcmds)             In the latter case, load this package earlier.
)))
Package grfext Info: Graphics extension search list:
(grfext)             [.png,.pdf,.jpg,.mps,.jpeg,.jbig2,.jb2,.PNG,.PDF,.JPG,.JPE
G,.JBIG2,.JB2,.eps]
(grfext)             \AppendGraphicsExtensions on input line 452.

(/usr/local/texlive/2014/texmf-dist/tex/latex/latexconfig/epstopdf-sys.cfg
File: epstopdf-sys.cfg 2010/07/13 v1.3 Configuration of (r)epstopdf for TeX Liv
e
))
Package caption Info: Begin \AtBeginDocument code.
Package caption Info: wrapfig package is loaded.
Package caption Info: End \AtBeginDocument code.

<Sty/logo_dc.jpg, id=1, 215.6055pt x 83.5923pt>
File: Sty/logo_dc.jpg Graphic file (type jpg)
 <use Sty/logo_dc.jpg>
Package pdftex.def Info: Sty/logo_dc.jpg used on input line 39.
(pdftex.def)             Requested size: 215.60497pt x 83.59207pt.

Underfull \hbox (badness 10000) in paragraph at lines 39--39

 []

LaTeX Font Info:    Try loading font information for U+msa on input line 39.
(/usr/local/texlive/2014/texmf-dist/tex/latex/amsfonts/umsa.fd
File: umsa.fd 2013/01/14 v3.01 AMS symbols A
)
LaTeX Font Info:    Try loading font information for U+msb on input line 39.

(/usr/local/texlive/2014/texmf-dist/tex/latex/amsfonts/umsb.fd
File: umsb.fd 2013/01/14 v3.01 AMS symbols B
)
<Sty/logo_uba.jpg, id=2, 225.4824pt x 231.7458pt>
File: Sty/logo_uba.jpg Graphic file (type jpg)
 <use Sty/logo_uba.jpg>
Package pdftex.def Info: Sty/logo_uba.jpg used on input line 39.
(pdftex.def)             Requested size: 225.48184pt x 231.74522pt.

Underfull \hbox (badness 10000) in paragraph at lines 39--39

 []

[1

{/usr/local/texlive/2014/texmf-var/fonts/map/pdftex/updmap/pdftex.map} <./Sty/l
ogo_dc.jpg> <./Sty/logo_uba.jpg>] (./informe.toc
LaTeX Info: Redefining \. on input line 1.
LaTeX Info: Redefining \% on input line 1.

Overfull \hbox (6.97359pt too wide) in paragraph at lines 23--23
 [][] [][]\OT1/cmr/m/n/10 Item f): Pro-bar la fun-ci^^Son an-te-rior des-ma-pea
n-do la ^^Sulti-ma p^^Sagi-na del ker-nel (0x3FF000). []  
 []

LaTeX Info: Redefining \. on input line 45.
LaTeX Info: Redefining \% on input line 45.
LaTeX Info: Redefining \. on input line 45.
LaTeX Info: Redefining \% on input line 45.

Package Fancyhdr Warning: \headheight is too small (12.0pt): 
 Make it at least 13.07225pt.
 We now make it that large for the rest of the document.
 This may cause the page layout to be inconsistent, however.

[1])
\tf@toc=\write3
\openout3 = `informe.toc'.

LaTeX Info: Redefining \. on input line 43.
LaTeX Info: Redefining \% on input line 43.
LaTeX Info: Redefining \. on input line 43.
LaTeX Info: Redefining \% on input line 43.


Package Fancyhdr Warning: \headheight is too small (12.0pt): 
 Make it at least 13.07225pt.
 We now make it that large for the rest of the document.
 This may cause the page layout to be inconsistent, however.

[2] (./introduccion/main.tex)
LaTeX Info: Redefining \. on input line 47.
LaTeX Info: Redefining \% on input line 47.
LaTeX Info: Redefining \. on input line 47.
LaTeX Info: Redefining \% on input line 47.


Package Fancyhdr Warning: \headheight is too small (12.0pt): 
 Make it at least 13.07225pt.
 We now make it that large for the rest of the document.
 This may cause the page layout to be inconsistent, however.

[3] (./ejercicio1/ej1.tex
Underfull \hbox (badness 10000) in paragraph at lines 18--20

 []

<ejercicio1/GDTnula.png, id=28, 524.96124pt x 354.32375pt>
File: ejercicio1/GDTnula.png Graphic file (type png)

<use ejercicio1/GDTnula.png>
Package pdftex.def Info: ejercicio1/GDTnula.png used on input line 24.
(pdftex.def)             Requested size: 254.75433pt x 171.94412pt.

Underfull \hbox (badness 10000) in paragraph at lines 30--32

 []


Underfull \hbox (badness 10000) in paragraph at lines 34--36

 []

<ejercicio1/GDTcodigo0.png, id=30, 533.995pt x 352.31625pt>
File: ejercicio1/GDTcodigo0.png Graphic file (type png)

<use ejercicio1/GDTcodigo0.png>
Package pdftex.def Info: ejercicio1/GDTcodigo0.png used on input line 40.
(pdftex.def)             Requested size: 212.29312pt x 140.06386pt.

<ejercicio1/GDTdatos0.png, id=31, 537.00626pt x 356.33125pt>
File: ejercicio1/GDTdatos0.png Graphic file (type png)

<use ejercicio1/GDTdatos0.png>
Package pdftex.def Info: ejercicio1/GDTdatos0.png used on input line 44.
(pdftex.def)             Requested size: 212.29312pt x 140.8662pt.
LaTeX Info: Redefining \. on input line 49.
LaTeX Info: Redefining \% on input line 49.
 [4 <./ejercicio1/GDTnula.png>]
Underfull \hbox (badness 10000) in paragraph at lines 50--51

 []


Underfull \hbox (badness 10000) in paragraph at lines 52--54

 []

<ejercicio1/estructuradescriptor.png, id=39, 1352.05125pt x 964.60374pt>
File: ejercicio1/estructuradescriptor.png Graphic file (type png)

<use ejercicio1/estructuradescriptor.png>
Package pdftex.def Info: ejercicio1/estructuradescriptor.png used on input line
 58.
(pdftex.def)             Requested size: 339.67029pt x 242.32784pt.
LaTeX Info: Redefining \. on input line 70.
LaTeX Info: Redefining \% on input line 70.
LaTeX Info: Redefining \. on input line 70.
LaTeX Info: Redefining \% on input line 70.


Package Fancyhdr Warning: \headheight is too small (12.0pt): 
 Make it at least 13.07225pt.
 We now make it that large for the rest of the document.
 This may cause the page layout to be inconsistent, however.

[5 <./ejercicio1/GDTcodigo0.png> <./ejercicio1/GDTdatos0.png> <./ejercicio1/est
ructuradescriptor.png>]
LaTeX Info: Redefining \. on input line 122.
LaTeX Info: Redefining \% on input line 122.
LaTeX Info: Redefining \. on input line 122.
LaTeX Info: Redefining \% on input line 122.


Package Fancyhdr Warning: \headheight is too small (12.0pt): 
 Make it at least 13.07225pt.
 We now make it that large for the rest of the document.
 This may cause the page layout to be inconsistent, however.

[6] <ejercicio1/memvid.png, id=50, 540.0175pt x 407.5225pt>
File: ejercicio1/memvid.png Graphic file (type png)

<use ejercicio1/memvid.png>
Package pdftex.def Info: ejercicio1/memvid.png used on input line 132.
(pdftex.def)             Requested size: 212.29312pt x 160.20166pt.

Underfull \hbox (badness 10000) in paragraph at lines 144--145

 []

<ejercicio1/esqsupizq.png, id=51, 724.7075pt x 480.79625pt>
File: ejercicio1/esqsupizq.png Graphic file (type png)

<use ejercicio1/esqsupizq.png>
Package pdftex.def Info: ejercicio1/esqsupizq.png used on input line 156.
(pdftex.def)             Requested size: 339.67029pt x 225.35066pt.
LaTeX Info: Redefining \. on input line 161.
LaTeX Info: Redefining \% on input line 161.
LaTeX Info: Redefining \. on input line 161.
LaTeX Info: Redefining \% on input line 161.


Package Fancyhdr Warning: \headheight is too small (12.0pt): 
 Make it at least 13.07225pt.
 We now make it that large for the rest of the document.
 This may cause the page layout to be inconsistent, however.

[7 <./ejercicio1/memvid.png>]
<ejercicio1/limpant.png, id=55, 346.29375pt x 284.06125pt>
File: ejercicio1/limpant.png Graphic file (type png)

<use ejercicio1/limpant.png>
Package pdftex.def Info: ejercicio1/limpant.png used on input line 169.
(pdftex.def)             Requested size: 127.37717pt x 104.48552pt.

Underfull \hbox (badness 10000) in paragraph at lines 175--176

 []

<ejercicio1/pantgris.png, id=56, 724.7075pt x 480.79625pt>
File: ejercicio1/pantgris.png Graphic file (type png)

<use ejercicio1/pantgris.png>
Package pdftex.def Info: ejercicio1/pantgris.png used on input line 180.
(pdftex.def)             Requested size: 339.67029pt x 225.35066pt.
LaTeX Info: Redefining \. on input line 185.
LaTeX Info: Redefining \% on input line 185.
LaTeX Info: Redefining \. on input line 185.
LaTeX Info: Redefining \% on input line 185.


Package Fancyhdr Warning: \headheight is too small (12.0pt): 
 Make it at least 13.07225pt.
 We now make it that large for the rest of the document.
 This may cause the page layout to be inconsistent, however.

[8 <./ejercicio1/esqsupizq.png> <./ejercicio1/limpant.png>]
<ejercicio1/mapa.png, id=61, 744.7825pt x 500.87125pt>
File: ejercicio1/mapa.png Graphic file (type png)

<use ejercicio1/mapa.png>
Package pdftex.def Info: ejercicio1/mapa.png used on input line 197.
(pdftex.def)             Requested size: 339.67029pt x 228.43939pt.
)
LaTeX Info: Redefining \. on input line 51.
LaTeX Info: Redefining \% on input line 51.
LaTeX Info: Redefining \. on input line 51.
LaTeX Info: Redefining \% on input line 51.


Package Fancyhdr Warning: \headheight is too small (12.0pt): 
 Make it at least 13.07225pt.
 We now make it that large for the rest of the document.
 This may cause the page layout to be inconsistent, however.

[9 <./ejercicio1/pantgris.png> <./ejercicio1/mapa.png>] (./ejercicio2/ej2.tex
<ejercicio2/interrupcion.png, id=67, 521.95pt x 112.42pt>
File: ejercicio2/interrupcion.png Graphic file (type png)

<use ejercicio2/interrupcion.png>
Package pdftex.def Info: ejercicio2/interrupcion.png used on input line 20.
(pdftex.def)             Requested size: 254.75433pt x 54.87013pt.

<ejercicio2/idtentry.png, id=68, 1194.4625pt x 152.57pt>
File: ejercicio2/idtentry.png Graphic file (type png)

<use ejercicio2/idtentry.png>
Package pdftex.def Info: ejercicio2/idtentry.png used on input line 31.
(pdftex.def)             Requested size: 424.58624pt x 54.23373pt.

<ejercicio2/idt.png, id=69, 673.51625pt x 550.055pt>
File: ejercicio2/idt.png Graphic file (type png)
 <use ejercicio2/idt.png>
Package pdftex.def Info: ejercicio2/idt.png used on input line 42.
(pdftex.def)             Requested size: 254.75433pt x 208.05785pt.
LaTeX Info: Redefining \. on input line 47.
LaTeX Info: Redefining \% on input line 47.

[10 <./ejercicio2/interrupcion.png> <./ejercicio2/idtentry.png>]
<ejercicio2/isrh.png, id=75, 825.0825pt x 622.325pt>
File: ejercicio2/isrh.png Graphic file (type png)
 <use ejercicio2/isrh.png>
Package pdftex.def Info: ejercicio2/isrh.png used on input line 53.
(pdftex.def)             Requested size: 339.67029pt x 256.19945pt.

Underfull \hbox (badness 10000) in paragraph at lines 64--65

 []

LaTeX Info: Redefining \. on input line 65.
LaTeX Info: Redefining \% on input line 65.
LaTeX Info: Redefining \. on input line 65.
LaTeX Info: Redefining \% on input line 65.

Package Fancyhdr Warning: \headheight is too small (12.0pt): 
 Make it at least 13.07225pt.
 We now make it that large for the rest of the document.
 This may cause the page layout to be inconsistent, however.

[11 <./ejercicio2/idt.png> <./ejercicio2/isrh.png>]
<ejercicio2/macro.png, id=79, 659.46375pt x 505.89pt>
File: ejercicio2/macro.png Graphic file (type png)

<use ejercicio2/macro.png>
Package pdftex.def Info: ejercicio2/macro.png used on input line 70.
(pdftex.def)             Requested size: 254.75433pt x 195.42824pt.

Underfull \hbox (badness 10000) in paragraph at lines 76--77

 []

<ejercicio2/israsm.png, id=80, 420.57124pt x 489.83pt>
File: ejercicio2/israsm.png Graphic file (type png)

<use ejercicio2/israsm.png>
Package pdftex.def Info: ejercicio2/israsm.png used on input line 83.
(pdftex.def)             Requested size: 169.8319pt x 197.79707pt.
LaTeX Info: Redefining \. on input line 88.
LaTeX Info: Redefining \% on input line 88.
LaTeX Info: Redefining \. on input line 88.
LaTeX Info: Redefining \% on input line 88.


Package Fancyhdr Warning: \headheight is too small (12.0pt): 
 Make it at least 13.07225pt.
 We now make it that large for the rest of the document.
 This may cause the page layout to be inconsistent, however.

[12 <./ejercicio2/macro.png>]
<ejercicio2/division.jpg, id=86, 744.7825pt x 500.87125pt>
File: ejercicio2/division.jpg Graphic file (type jpg)

<use ejercicio2/division.jpg>
Package pdftex.def Info: ejercicio2/division.jpg used on input line 106.
(pdftex.def)             Requested size: 339.67029pt x 228.43939pt.
)
LaTeX Info: Redefining \. on input line 55.
LaTeX Info: Redefining \% on input line 55.
LaTeX Info: Redefining \. on input line 55.
LaTeX Info: Redefining \% on input line 55.


Package Fancyhdr Warning: \headheight is too small (12.0pt): 
 Make it at least 13.07225pt.
 We now make it that large for the rest of the document.
 This may cause the page layout to be inconsistent, however.

[13 <./ejercicio2/israsm.png> <./ejercicio2/division.jpg>]
(./ejercicio3/ej3.tex
Underfull \hbox (badness 10000) in paragraph at lines 15--16

 []

<ejercicio3/mappag.png, id=90, 1232.605pt x 919.435pt>
File: ejercicio3/mappag.png Graphic file (type png)

<use ejercicio3/mappag.png>
Package pdftex.def Info: ejercicio3/mappag.png used on input line 24.
(pdftex.def)             Requested size: 424.58624pt x 316.70036pt.
LaTeX Info: Redefining \. on input line 29.
LaTeX Info: Redefining \% on input line 29.
 [14]
<ejercicio3/cr3.png, id=94, 1220.56pt x 581.17125pt>
File: ejercicio3/cr3.png Graphic file (type png)
 <use ejercicio3/cr3.png>
Package pdftex.def Info: ejercicio3/cr3.png used on input line 40.
(pdftex.def)             Requested size: 254.75433pt x 121.29578pt.

Underfull \hbox (badness 10000) in paragraph at lines 46--47

 []

LaTeX Info: Redefining \. on input line 47.
LaTeX Info: Redefining \% on input line 47.
LaTeX Info: Redefining \. on input line 47.
LaTeX Info: Redefining \% on input line 47.

Package Fancyhdr Warning: \headheight is too small (12.0pt): 
 Make it at least 25.07225pt.
 We now make it that large for the rest of the document.
 This may cause the page layout to be inconsistent, however.

[15 <./ejercicio3/mappag.png> <./ejercicio3/cr3.png>]
<ejercicio3/fun1.png, id=100, 692.5875pt x 20.075pt>
File: ejercicio3/fun1.png Graphic file (type png)
 <use ejercicio3/fun1.png>
Package pdftex.def Info: ejercicio3/fun1.png used on input line 53.
(pdftex.def)             Requested size: 339.67029pt x 9.8457pt.

<ejercicio3/fun2.png, id=101, 904.37875pt x 650.43pt>
File: ejercicio3/fun2.png Graphic file (type png)

<use ejercicio3/fun2.png>
Package pdftex.def Info: ejercicio3/fun2.png used on input line 66.
(pdftex.def)             Requested size: 254.75433pt x 183.21088pt.

Underfull \hbox (badness 10000) in paragraph at lines 72--73

 []


Underfull \hbox (badness 10000) in paragraph at lines 74--75

 []


Underfull \hbox (badness 10000) in paragraph at lines 76--77

 []

<ejercicio3/fun3.png, id=102, 514.92375pt x 317.185pt>
File: ejercicio3/fun3.png Graphic file (type png)

<use ejercicio3/fun3.png>
Package pdftex.def Info: ejercicio3/fun3.png used on input line 81.
(pdftex.def)             Requested size: 254.75433pt x 156.92235pt.
LaTeX Info: Redefining \. on input line 86.
LaTeX Info: Redefining \% on input line 86.
LaTeX Info: Redefining \. on input line 86.
LaTeX Info: Redefining \% on input line 86.


Package Fancyhdr Warning: \headheight is too small (12.0pt): 
 Make it at least 25.07225pt.
 We now make it that large for the rest of the document.
 This may cause the page layout to be inconsistent, however.

[16 <./ejercicio3/fun1.png> <./ejercicio3/fun2.png>]
Underfull \hbox (badness 10000) in paragraph at lines 88--89

 []

<ejercicio3/proxpaglibre.png, id=109, 479.7925pt x 134.5025pt>
File: ejercicio3/proxpaglibre.png Graphic file (type png)

<use ejercicio3/proxpaglibre.png>
Package pdftex.def Info: ejercicio3/proxpaglibre.png used on input line 93.
(pdftex.def)             Requested size: 212.29312pt x 59.51375pt.

<ejercicio3/inicializarpag.png, id=110, 467.7475pt x 201.75375pt>
File: ejercicio3/inicializarpag.png Graphic file (type png)

<use ejercicio3/inicializarpag.png>
Package pdftex.def Info: ejercicio3/inicializarpag.png used on input line 104.
(pdftex.def)             Requested size: 212.29312pt x 91.57028pt.

<ejercicio3/fun4.png, id=111, 646.415pt x 68.255pt>
File: ejercicio3/fun4.png Graphic file (type png)
 <use ejercicio3/fun4.png>
Package pdftex.def Info: ejercicio3/fun4.png used on input line 117.
(pdftex.def)             Requested size: 254.75433pt x 26.89949pt.
LaTeX Info: Redefining \. on input line 122.
LaTeX Info: Redefining \% on input line 122.
LaTeX Info: Redefining \. on input line 122.
LaTeX Info: Redefining \% on input line 122.


Package Fancyhdr Warning: \headheight is too small (12.0pt): 
 Make it at least 25.07225pt.
 We now make it that large for the rest of the document.
 This may cause the page layout to be inconsistent, however.

[17 <./ejercicio3/fun3.png> <./ejercicio3/proxpaglibre.png> <./ejercicio3/inici
alizarpag.png>] <ejercicio3/inikernel.png, id=116, 686.565pt x 403.5075pt>
File: ejercicio3/inikernel.png Graphic file (type png)

<use ejercicio3/inikernel.png>
Package pdftex.def Info: ejercicio3/inikernel.png used on input line 134.
(pdftex.def)             Requested size: 297.20906pt x 174.67467pt.

Underfull \hbox (badness 10000) in paragraph at lines 140--141

 []


Underfull \hbox (badness 10000) in paragraph at lines 142--143

 []

LaTeX Info: Redefining \. on input line 153.
LaTeX Info: Redefining \% on input line 153.
LaTeX Info: Redefining \. on input line 153.
LaTeX Info: Redefining \% on input line 153.

Package Fancyhdr Warning: \headheight is too small (12.0pt): 
 Make it at least 25.07225pt.
 We now make it that large for the rest of the document.
 This may cause the page layout to be inconsistent, however.

[18 <./ejercicio3/fun4.png> <./ejercicio3/inikernel.png>]
<ejercicio3/nombre.png, id=123, 724.7075pt x 480.79625pt>
File: ejercicio3/nombre.png Graphic file (type png)

<use ejercicio3/nombre.png>
Package pdftex.def Info: ejercicio3/nombre.png used on input line 178.
(pdftex.def)             Requested size: 382.12502pt x 253.51492pt.

<ejercicio3/unmap.png, id=124, 1022.82124pt x 288.07625pt>
File: ejercicio3/unmap.png Graphic file (type png)

<use ejercicio3/unmap.png>
Package pdftex.def Info: ejercicio3/unmap.png used on input line 191.
(pdftex.def)             Requested size: 382.12502pt x 107.62392pt.
LaTeX Info: Redefining \. on input line 196.
LaTeX Info: Redefining \% on input line 196.
LaTeX Info: Redefining \. on input line 196.
LaTeX Info: Redefining \% on input line 196.


Package Fancyhdr Warning: \headheight is too small (12.0pt): 
 Make it at least 13.07225pt.
 We now make it that large for the rest of the document.
 This may cause the page layout to be inconsistent, however.

[19 <./ejercicio3/nombre.png>]
<ejercicio3/unmaproof.png, id=129, 726.715pt x 487.8225pt>
File: ejercicio3/unmaproof.png Graphic file (type png)

<use ejercicio3/unmaproof.png>
Package pdftex.def Info: ejercicio3/unmaproof.png used on input line 230.
(pdftex.def)             Requested size: 382.12502pt x 256.51259pt.
LaTeX Info: Redefining \. on input line 235.
LaTeX Info: Redefining \% on input line 235.
LaTeX Info: Redefining \. on input line 235.
LaTeX Info: Redefining \% on input line 235.


Package Fancyhdr Warning: \headheight is too small (12.0pt): 
 Make it at least 13.07225pt.
 We now make it that large for the rest of the document.
 This may cause the page layout to be inconsistent, however.

[20 <./ejercicio3/unmap.png>])
LaTeX Info: Redefining \. on input line 59.
LaTeX Info: Redefining \% on input line 59.
LaTeX Info: Redefining \. on input line 59.
LaTeX Info: Redefining \% on input line 59.


Package Fancyhdr Warning: \headheight is too small (12.0pt): 
 Make it at least 13.07225pt.
 We now make it that large for the rest of the document.
 This may cause the page layout to be inconsistent, however.

[21 <./ejercicio3/unmaproof.png>] (./ejercicio4/ej4.tex
Underfull \hbox (badness 10000) in paragraph at lines 20--21

 []

<ejercicio4/funprin.png, id=137, 1155.31625pt x 864.22874pt>
File: ejercicio4/funprin.png Graphic file (type png)

<use ejercicio4/funprin.png>
Package pdftex.def Info: ejercicio4/funprin.png used on input line 29.
(pdftex.def)             Requested size: 445.81685pt x 333.48735pt.

Overfull \hbox (21.2306pt too wide) in paragraph at lines 28--32
 []$ 
 []

LaTeX Info: Redefining \. on input line 40.
LaTeX Info: Redefining \% on input line 40.
[22 <./ejercicio4/funprin.png>]
Overfull \hbox (107.96242pt too wide) in paragraph at lines 42--43
[]\OT1/cmr/m/n/10 Comienza pi-dien-do un lu-gar pa-ra crear una p^^Sagi-na li-b
re, pa-ra eso lla-ma a la fun-ci^^Son \OT1/cmr/m/it/10 mmu[]proxima[]pagina[]fi
sica[]libre()\OT1/cmr/m/n/10 .
 []

<ejercicio4/fun1.png, id=142, 737.75626pt x 175.65625pt>
File: ejercicio4/fun1.png Graphic file (type png)

<use ejercicio4/fun1.png>
Package pdftex.def Info: ejercicio4/fun1.png used on input line 47.
(pdftex.def)             Requested size: 275.97845pt x 65.70743pt.
 <ejercicio4/fun2.png, id=143, 788.9475pt x 417.56pt>
File: ejercicio4/fun2.png Graphic file (type png)

<use ejercicio4/fun2.png>
Package pdftex.def Info: ejercicio4/fun2.png used on input line 58.
(pdftex.def)             Requested size: 297.20906pt x 157.2982pt.
)
LaTeX Info: Redefining \. on input line 63.
LaTeX Info: Redefining \% on input line 63.
LaTeX Info: Redefining \. on input line 63.
LaTeX Info: Redefining \% on input line 63.


Package Fancyhdr Warning: \headheight is too small (12.0pt): 
 Make it at least 13.07225pt.
 We now make it that large for the rest of the document.
 This may cause the page layout to be inconsistent, however.

[23 <./ejercicio4/fun1.png> <./ejercicio4/fun2.png>] (./ejercicio5/ej5.tex
<ejercicio5/idt.png, id=148, 196.735pt x 59.22125pt>
File: ejercicio5/idt.png Graphic file (type png)
 <use ejercicio5/idt.png>
Package pdftex.def Info: ejercicio5/idt.png used on input line 22.
(pdftex.def)             Requested size: 106.14656pt x 31.95187pt.

<ejercicio5/isr.png, id=149, 167.62625pt x 58.2175pt>
File: ejercicio5/isr.png Graphic file (type png)
 <use ejercicio5/isr.png>
Package pdftex.def Info: ejercicio5/isr.png used on input line 32.
(pdftex.def)             Requested size: 106.14656pt x 36.86464pt.

<ejercicio5/rutinaReloj.png, id=150, 403.5075pt x 237.88875pt>
File: ejercicio5/rutinaReloj.png Graphic file (type png)

<use ejercicio5/rutinaReloj.png>
Package pdftex.def Info: ejercicio5/rutinaReloj.png used on input line 43.
(pdftex.def)             Requested size: 212.29312pt x 125.15843pt.
LaTeX Info: Redefining \. on input line 49.
LaTeX Info: Redefining \% on input line 49.
 [24 <./ejercicio5/idt.png> <./ejercicio5/isr.png> <./ejercicio5/rutinaReloj.pn
g>]
<ejercicio5/rutinaTeclado.png, id=157, 227.85126pt x 249.93375pt>
File: ejercicio5/rutinaTeclado.png Graphic file (type png)

<use ejercicio5/rutinaTeclado.png>
Package pdftex.def Info: ejercicio5/rutinaTeclado.png used on input line 57.
(pdftex.def)             Requested size: 148.60777pt x 163.0118pt.

<ejercicio5/rutina0x46.png, id=158, 197.73875pt x 120.45pt>
File: ejercicio5/rutina0x46.png Graphic file (type png)

<use ejercicio5/rutina0x46.png>
Package pdftex.def Info: ejercicio5/rutina0x46.png used on input line 73.
(pdftex.def)             Requested size: 127.37717pt x 77.59131pt.
)
LaTeX Info: Redefining \. on input line 67.
LaTeX Info: Redefining \% on input line 67.
LaTeX Info: Redefining \. on input line 67.
LaTeX Info: Redefining \% on input line 67.


Package Fancyhdr Warning: \headheight is too small (12.0pt): 
 Make it at least 13.07225pt.
 We now make it that large for the rest of the document.
 This may cause the page layout to be inconsistent, however.

[25 <./ejercicio5/rutinaTeclado.png> <./ejercicio5/rutina0x46.png>]
(./ejercicio6/ej6.tex
Underfull \hbox (badness 10000) in paragraph at lines 28--30

 []


Underfull \hbox (badness 10000) in paragraph at lines 32--36

 []


Overfull \hbox (24.16109pt too wide) in paragraph at lines 42--53
[]\OT1/cmr/m/n/10 Lo que nos pi-den en es-te pun-to es ha-cer la fun-ci^^Son $\
OML/cmm/m/it/10 void$ $tss[]completar\OT1/cmr/m/n/10 (\OML/cmm/m/it/10 int$ $ju
gador; int$ $perro; perro[]t \OMS/cmsy/m/n/10 ^^C
 []

LaTeX Info: Redefining \. on input line 53.
LaTeX Info: Redefining \% on input line 53.
[26] <ejercicio6/gdt_tarea_inicial.png, id=165, 974.64125pt x 481.8pt>
File: ejercicio6/gdt_tarea_inicial.png Graphic file (type png)

<use ejercicio6/gdt_tarea_inicial.png>
Package pdftex.def Info: ejercicio6/gdt_tarea_inicial.png used on input line 62
.
(pdftex.def)             Requested size: 424.58624pt x 209.89008pt.

<ejercicio6/tss_inicializar_base_inicial.png, id=166, 860.21375pt x 114.4275pt>
File: ejercicio6/tss_inicializar_base_inicial.png Graphic file (type png)
<use ejercicio6/tss_inicializar_base_inicial.png>
Package pdftex.def Info: ejercicio6/tss_inicializar_base_inicial.png used on in
put line 74.
(pdftex.def)             Requested size: 424.58624pt x 56.48027pt.

<ejercicio6/tss_idle.png, id=167, 1058.95625pt x 529.98pt>
File: ejercicio6/tss_idle.png Graphic file (type png)

<use ejercicio6/tss_idle.png>
Package pdftex.def Info: ejercicio6/tss_idle.png used on input line 86.
(pdftex.def)             Requested size: 424.58624pt x 212.48961pt.

Underfull \hbox (badness 10000) in paragraph at lines 81--90

 []

LaTeX Info: Redefining \. on input line 90.
LaTeX Info: Redefining \% on input line 90.
LaTeX Info: Redefining \. on input line 90.
LaTeX Info: Redefining \% on input line 90.
[27 <./ejercicio6/gdt_tarea_inicial.png> <./ejercicio6/tss_inicializar_base_ini
cial.png>]
Overfull \hbox (19.4833pt too wide) in paragraph at lines 98--101
[]\OT1/cmr/m/n/10 Para es-te pun-to lo que ha-ce-mos en la in-te-rrup-ci^^Son 0
x46 es lla-mar a la fun-ci^^Son $\OML/cmm/m/it/10 game[]syscall[]manejar$
 []


Underfull \hbox (badness 10000) in paragraph at lines 98--101

 []

<ejercicio6/syscall_manejar.png, id=173, 852.18375pt x 416.55624pt>
File: ejercicio6/syscall_manejar.png Graphic file (type png)

<use ejercicio6/syscall_manejar.png>
Package pdftex.def Info: ejercicio6/syscall_manejar.png used on input line 105.

(pdftex.def)             Requested size: 424.58624pt x 207.54665pt.
LaTeX Info: Redefining \. on input line 110.
LaTeX Info: Redefining \% on input line 110.
LaTeX Info: Redefining \. on input line 110.
LaTeX Info: Redefining \% on input line 110.
 [28 <./ejercicio6/tss_idle.png>])
LaTeX Info: Redefining \. on input line 71.
LaTeX Info: Redefining \% on input line 71.
LaTeX Info: Redefining \. on input line 71.
LaTeX Info: Redefining \% on input line 71.
 [29 <./ejercicio6/syscall_manejar.png>] (./ejercicio7/ej7.tex
<ejercicio7/sched.png, id=182, 532.99126pt x 341.275pt>
File: ejercicio7/sched.png Graphic file (type png)

<use ejercicio7/sched.png>
Package pdftex.def Info: ejercicio7/sched.png used on input line 30.
(pdftex.def)             Requested size: 212.29312pt x 135.92955pt.

<ejercicio7/funcion.png, id=183, 486.81876pt x 332.24126pt>
File: ejercicio7/funcion.png Graphic file (type png)

<use ejercicio7/funcion.png>
Package pdftex.def Info: ejercicio7/funcion.png used on input line 41.
(pdftex.def)             Requested size: 212.29312pt x 144.88371pt.
LaTeX Info: Redefining \. on input line 46.
LaTeX Info: Redefining \% on input line 46.
 [30 <./ejercicio7/sched.png>]
<ejercicio7/proxeje.png, id=189, 1592.95125pt x 612.2875pt>
File: ejercicio7/proxeje.png Graphic file (type png)

<use ejercicio7/proxeje.png>
Package pdftex.def Info: ejercicio7/proxeje.png used on input line 64.
(pdftex.def)             Requested size: 424.58624pt x 163.19904pt.

<ejercicio7/atendtick.png, id=190, 826.08624pt x 282.05376pt>
File: ejercicio7/atendtick.png Graphic file (type png)

<use ejercicio7/atendtick.png>
Package pdftex.def Info: ejercicio7/atendtick.png used on input line 77.
(pdftex.def)             Requested size: 339.67029pt x 115.97417pt.
LaTeX Info: Redefining \. on input line 82.
LaTeX Info: Redefining \% on input line 82.
LaTeX Info: Redefining \. on input line 82.
LaTeX Info: Redefining \% on input line 82.


Package Fancyhdr Warning: \headheight is too small (12.0pt): 
 Make it at least 13.07225pt.
 We now make it that large for the rest of the document.
 This may cause the page layout to be inconsistent, however.

[31 <./ejercicio7/funcion.png> <./ejercicio7/proxeje.png>])
AED: lastpage setting LastPage
LaTeX Info: Redefining \. on input line 79.
LaTeX Info: Redefining \% on input line 79.
LaTeX Info: Redefining \. on input line 79.
LaTeX Info: Redefining \% on input line 79.


Package Fancyhdr Warning: \headheight is too small (12.0pt): 
 Make it at least 13.07225pt.
 We now make it that large for the rest of the document.
 This may cause the page layout to be inconsistent, however.

[32 <./ejercicio7/atendtick.png>] (./informe.aux
LaTeX Info: Redefining \. on input line 6.
LaTeX Info: Redefining \% on input line 6.
)

LaTeX Warning: Label(s) may have changed. Rerun to get cross-references right.

 ) 
Here is how much of TeX's memory you used:
 7128 strings out of 493109
 104655 string characters out of 6135009
 204039 words of memory out of 5000000
 10397 multiletter control sequences out of 15000+600000
 10678 words of font info for 39 fonts, out of 8000000 for 9000
 1141 hyphenation exceptions out of 8191
 38i,12n,43p,735b,702s stack positions out of 5000i,500n,10000p,200000b,80000s
</usr/local/texlive/2014/texmf-dist/fonts/type1/public/amsfonts/cm/cmbx10.pfb
></usr/local/texlive/2014/texmf-dist/fonts/type1/public/amsfonts/cm/cmbx12.pfb>
</usr/local/texlive/2014/texmf-dist/fonts/type1/public/amsfonts/cm/cmbxti10.pfb
></usr/local/texlive/2014/texmf-dist/fonts/type1/public/amsfonts/cm/cmmi10.pfb>
</usr/local/texlive/2014/texmf-dist/fonts/type1/public/amsfonts/cm/cmr10.pfb></
usr/local/texlive/2014/texmf-dist/fonts/type1/public/amsfonts/cm/cmr12.pfb></us
r/local/texlive/2014/texmf-dist/fonts/type1/public/amsfonts/cm/cmr7.pfb></usr/l
ocal/texlive/2014/texmf-dist/fonts/type1/public/amsfonts/cm/cmr9.pfb></usr/loca
l/texlive/2014/texmf-dist/fonts/type1/public/amsfonts/cm/cmsl10.pfb></usr/local
/texlive/2014/texmf-dist/fonts/type1/public/amsfonts/cm/cmss10.pfb></usr/local/
texlive/2014/texmf-dist/fonts/type1/public/amsfonts/cm/cmssbx10.pfb></usr/local
/texlive/2014/texmf-dist/fonts/type1/public/amsfonts/cm/cmsy10.pfb></usr/local/
texlive/2014/texmf-dist/fonts/type1/public/amsfonts/cm/cmti10.pfb></usr/local/t
exlive/2014/texmf-dist/fonts/type1/public/amsfonts/cm/cmti12.pfb></usr/local/te
xlive/2014/texmf-dist/fonts/type1/public/amsfonts/cm/cmti9.pfb></usr/local/texl
ive/2014/texmf-dist/fonts/type1/public/amsfonts/cm/cmtt10.pfb>
Output written on informe.pdf (33 pages, 2534149 bytes).
PDF statistics:
 252 PDF objects out of 1000 (max. 8388607)
 123 compressed objects within 2 object streams
 0 named destinations out of 1000 (max. 500000)
 231 words of extra memory for PDF output out of 10000 (max. 10000000)

